<?xml version="1.0" encoding="UTF-8"?>
<!-- Generated by org.testng.reporters.JUnitXMLReporter -->
<testsuite hostname="PTL012328" ignored="0" name="Default test" tests="3" failures="0" timestamp="11 May 2021 12:50:02 GMT" time="41.198" errors="0">
  <testcase name="verifyValidationMessage" time="3.292" classname="org.com.test.LoginWindow"/>
  <testcase name="verifyValidationMessageWhenPasswordMissing" time="5.858" classname="org.com.test.LoginWindow"/>
  <testcase name="verifyValidationMessageWhenInvalidEmail" time="2.476" classname="org.com.test.LoginWindow"/>
</testsuite> <!-- Default test -->
